<?xml version="1.0" encoding="UTF-8"?>
<?xml-stylesheet type="text/xsl" href="ivy-report.xsl"?>
<ivy-report version="1.0">
	<info
		organisation="mydeatree"
		module="mydeatree_2.10"
		revision="0.1"
		conf="test-internal"
		confs="compile, runtime, test, provided, optional, compile-internal, runtime-internal, test-internal, plugin, sources, docs, pom"
		date="20130409223636"/>
	<dependencies>
		<module organisation="org.scalatest" name="scalatest_2.10">
			<revision name="1.9.1" status="release" pubdate="20121222105935" resolver="public" artresolver="public" homepage="http://www.scalatest.org" downloaded="false" searched="false" default="false" conf="default(compile), default, compile, runtime, master" position="6">
				<license name="the Apache License, ASL Version 2.0" url="http://www.apache.org/licenses/LICENSE-2.0"/>
				<metadata-artifact status="no" details="" size="4873" time="0" location="/Users/Laimiux/.ivy2/cache/org.scalatest/scalatest_2.10/ivy-1.9.1.xml" searched="false" origin-is-local="false" origin-location="http://repo1.maven.org/maven2/org/scalatest/scalatest_2.10/1.9.1/scalatest_2.10-1.9.1.pom"/>
				<caller organisation="mydeatree" name="mydeatree_2.10" conf="test-internal, test, optional, compile, provided, runtime" rev="1.9.1" rev-constraint-default="1.9.1" rev-constraint-dynamic="1.9.1" callerrev="0.1"/>
				<artifacts>
					<artifact name="scalatest_2.10" type="jar" ext="jar" status="no" details="" size="3114958" time="0" location="/Users/Laimiux/.ivy2/cache/org.scalatest/scalatest_2.10/jars/scalatest_2.10-1.9.1.jar">
						<origin-location is-local="false" location="http://repo1.maven.org/maven2/org/scalatest/scalatest_2.10/1.9.1/scalatest_2.10-1.9.1.jar"/>
					</artifact>
				</artifacts>
			</revision>
		</module>
		<module organisation="org.scala-lang" name="scala-actors">
			<revision name="2.10.0" status="release" pubdate="20121219233006" resolver="public" artresolver="public" homepage="http://www.scala-lang.org/" downloaded="false" searched="false" default="false" conf="compile, master(*), runtime, compile(*), runtime(*), master" position="7">
				<license name="BSD-like" url="http://www.scala-lang.org/downloads/license.html          "/>
				<metadata-artifact status="no" details="" size="2548" time="0" location="/Users/Laimiux/.ivy2/cache/org.scala-lang/scala-actors/ivy-2.10.0.xml" searched="false" origin-is-local="false" origin-location="http://repo1.maven.org/maven2/org/scala-lang/scala-actors/2.10.0/scala-actors-2.10.0.pom"/>
				<caller organisation="org.scalatest" name="scalatest_2.10" conf="default, compile, runtime, master" rev="2.10.0" rev-constraint-default="2.10.0" rev-constraint-dynamic="2.10.0" callerrev="1.9.1"/>
				<artifacts>
					<artifact name="scala-actors" type="jar" ext="jar" status="no" details="" size="451307" time="0" location="/Users/Laimiux/.ivy2/cache/org.scala-lang/scala-actors/jars/scala-actors-2.10.0.jar">
						<origin-location is-local="false" location="http://repo1.maven.org/maven2/org/scala-lang/scala-actors/2.10.0/scala-actors-2.10.0.jar"/>
					</artifact>
				</artifacts>
			</revision>
		</module>
		<module organisation="com.actionbarsherlock" name="actionbarsherlock">
			<revision name="4.2.0" status="release" pubdate="20121007174011" resolver="Maven Search" artresolver="Maven Search" homepage="" downloaded="false" searched="false" default="false" conf="default(compile), default, compile, runtime, master" position="5">
				<metadata-artifact status="no" details="" size="5482" time="0" location="/Users/Laimiux/.ivy2/cache/com.actionbarsherlock/actionbarsherlock/ivy-4.2.0.xml" searched="false" origin-is-local="false" origin-location="http://repo1.maven.org/maven2/com/actionbarsherlock/actionbarsherlock/4.2.0/actionbarsherlock-4.2.0.pom"/>
				<caller organisation="mydeatree" name="mydeatree_2.10" conf="test-internal, test, optional, compile, provided, runtime" rev="4.2.0" rev-constraint-default="4.2.0" rev-constraint-dynamic="4.2.0" callerrev="0.1"/>
				<artifacts>
					<artifact name="actionbarsherlock" type="apklib" ext="apklib" status="no" details="" size="557420" time="0" location="/Users/Laimiux/.ivy2/cache/com.actionbarsherlock/actionbarsherlock/apklibs/actionbarsherlock-4.2.0.apklib">
						<origin-location is-local="false" location="http://repo1.maven.org/maven2/com/actionbarsherlock/actionbarsherlock/4.2.0/actionbarsherlock-4.2.0.apklib"/>
					</artifact>
				</artifacts>
			</revision>
		</module>
		<module organisation="org.scalaz" name="scalaz-core_2.10">
			<revision name="6.0.4" status="release" pubdate="20130102010429" resolver="Maven Search" artresolver="Maven Search" homepage="http://scalaz.org" downloaded="false" searched="false" default="false" conf="default(compile), default, compile, runtime, master" position="4">
				<license name="BSD-style" url="http://www.opensource.org/licenses/bsd-license.php"/>
				<metadata-artifact status="no" details="" size="2511" time="0" location="/Users/Laimiux/.ivy2/cache/org.scalaz/scalaz-core_2.10/ivy-6.0.4.xml" searched="false" origin-is-local="false" origin-location="http://repo1.maven.org/maven2/org/scalaz/scalaz-core_2.10/6.0.4/scalaz-core_2.10-6.0.4.pom"/>
				<caller organisation="mydeatree" name="mydeatree_2.10" conf="test-internal, test, optional, compile, provided, runtime" rev="6.0.4" rev-constraint-default="6.0.4" rev-constraint-dynamic="6.0.4" callerrev="0.1"/>
				<artifacts>
					<artifact name="scalaz-core_2.10" type="jar" ext="jar" status="no" details="" size="4505154" time="0" location="/Users/Laimiux/.ivy2/cache/org.scalaz/scalaz-core_2.10/jars/scalaz-core_2.10-6.0.4.jar">
						<origin-location is-local="false" location="http://repo1.maven.org/maven2/org/scalaz/scalaz-core_2.10/6.0.4/scalaz-core_2.10-6.0.4.jar"/>
					</artifact>
				</artifacts>
			</revision>
		</module>
		<module organisation="com.google.android" name="support-v4">
			<revision name="r7" status="release" pubdate="20120413093203" resolver="Maven Search" artresolver="Maven Search" homepage="http://developer.android.com/sdk/compatibility-library.html" downloaded="false" searched="false" default="false" conf="default(compile), default, compile, master(*), compile(*), runtime, runtime(*), master" position="3">
				<license name="Apache License Version 2.0" url="http://www.apache.org/licenses/LICENSE-2.0.txt"/>
				<metadata-artifact status="no" details="" size="3481" time="0" location="/Users/Laimiux/.ivy2/cache/com.google.android/support-v4/ivy-r7.xml" searched="false" origin-is-local="false" origin-location="http://repo1.maven.org/maven2/com/google/android/support-v4/r7/support-v4-r7.pom"/>
				<caller organisation="mydeatree" name="mydeatree_2.10" conf="test-internal, test, optional, compile, provided, runtime" rev="r7" rev-constraint-default="r7" rev-constraint-dynamic="r7" callerrev="0.1"/>
				<caller organisation="com.actionbarsherlock" name="actionbarsherlock" conf="default, compile, runtime, master" rev="r7" rev-constraint-default="r7" rev-constraint-dynamic="r7" callerrev="4.2.0"/>
				<artifacts>
					<artifact name="support-v4" type="jar" ext="jar" status="no" details="" size="270463" time="0" location="/Users/Laimiux/.ivy2/cache/com.google.android/support-v4/jars/support-v4-r7.jar">
						<origin-location is-local="false" location="http://repo1.maven.org/maven2/com/google/android/support-v4/r7/support-v4-r7.jar"/>
					</artifact>
				</artifacts>
			</revision>
		</module>
		<module organisation="androidmacros" name="androidmacros_2.10">
			<revision name="0.1" status="integration" pubdate="20130409223636" resolver="inter-project" artresolver="inter-project" downloaded="false" searched="false" default="false" conf="default(compile), compile" position="0">
				<metadata-artifact status="failed" details="" size="0" time="0" searched="false"/>
				<caller organisation="mydeatree" name="mydeatree_2.10" conf="test-internal, test, optional, compile, provided, runtime" rev="0.1" rev-constraint-default="0.1" rev-constraint-dynamic="0.1" callerrev="0.1"/>
				<artifacts>
				</artifacts>
			</revision>
		</module>
		<module organisation="org.scala-lang" name="scala-reflect">
			<revision name="2.10.1" status="release" pubdate="20130312160549" resolver="sbt-chain" artresolver="sbt-chain" homepage="http://www.scala-lang.org/" downloaded="false" searched="false" default="false" conf="default(compile), default, compile, runtime, master, master(*), compile(*), runtime(*)" position="2">
				<license name="BSD-like" url="http://www.scala-lang.org/downloads/license.html    "/>
				<metadata-artifact status="no" details="" size="2552" time="0" location="/Users/Laimiux/.ivy2/cache/org.scala-lang/scala-reflect/ivy-2.10.1.xml" searched="false" origin-is-local="false" origin-location="http://repo1.maven.org/maven2/org/scala-lang/scala-reflect/2.10.1/scala-reflect-2.10.1.pom"/>
				<caller organisation="androidmacros" name="androidmacros_2.10" conf="compile" rev="2.10.1" rev-constraint-default="2.10.1" rev-constraint-dynamic="2.10.1" callerrev="0.1"/>
				<caller organisation="org.scalatest" name="scalatest_2.10" conf="default, compile, runtime, master" rev="2.10.0" rev-constraint-default="2.10.0" rev-constraint-dynamic="2.10.0" callerrev="1.9.1"/>
				<artifacts>
					<artifact name="scala-reflect" type="jar" ext="jar" status="no" details="" size="3178531" time="0" location="/Users/Laimiux/.ivy2/cache/org.scala-lang/scala-reflect/jars/scala-reflect-2.10.1.jar">
						<origin-location is-local="false" location="http://repo1.maven.org/maven2/org/scala-lang/scala-reflect/2.10.1/scala-reflect-2.10.1.jar"/>
					</artifact>
				</artifacts>
			</revision>
			<revision name="2.10.0" evicted="latest-revision" evicted-reason="" downloaded="false" searched="false" conf="compile, master(*), runtime, compile(*), runtime(*), master" position="-1">
				<evicted-by rev="2.10.1"/>
				<caller organisation="org.scalatest" name="scalatest_2.10" conf="default, compile, runtime, master" rev="2.10.0" rev-constraint-default="2.10.0" rev-constraint-dynamic="2.10.0" callerrev="1.9.1"/>
				<artifacts>
				</artifacts>
			</revision>
		</module>
		<module organisation="org.scala-lang" name="scala-library">
			<revision name="2.10.1" status="release" pubdate="20130312160420" resolver="sbt-chain" artresolver="sbt-chain" homepage="http://www.scala-lang.org/" downloaded="false" searched="false" default="false" conf="default(compile), default, compile, master(*), compile(*), runtime, runtime(*), master" position="1">
				<license name="BSD-like" url="http://www.scala-lang.org/downloads/license.html          "/>
				<metadata-artifact status="no" details="" size="2392" time="0" location="/Users/Laimiux/.ivy2/cache/org.scala-lang/scala-library/ivy-2.10.1.xml" searched="false" origin-is-local="false" origin-location="http://repo1.maven.org/maven2/org/scala-lang/scala-library/2.10.1/scala-library-2.10.1.pom"/>
				<caller organisation="mydeatree" name="mydeatree_2.10" conf="test-internal, test, optional, compile, provided, runtime" rev="2.10.1" rev-constraint-default="2.10.1" rev-constraint-dynamic="2.10.1" callerrev="0.1"/>
				<caller organisation="org.scala-lang" name="scala-actors" conf="compile, runtime" rev="2.10.1" rev-constraint-default="2.10.1" rev-constraint-dynamic="2.10.0" callerrev="2.10.0"/>
				<caller organisation="org.scalaz" name="scalaz-core_2.10" conf="default, compile, runtime, master" rev="2.10.1" rev-constraint-default="2.10.1" rev-constraint-dynamic="2.10.0" callerrev="6.0.4"/>
				<caller organisation="org.scala-lang" name="scala-reflect" conf="default, compile, runtime, master" rev="2.10.1" rev-constraint-default="2.10.1" rev-constraint-dynamic="2.10.1" callerrev="2.10.1"/>
				<caller organisation="androidmacros" name="androidmacros_2.10" conf="compile" rev="2.10.1" rev-constraint-default="2.10.1" rev-constraint-dynamic="2.10.1" callerrev="0.1"/>
				<caller organisation="org.scalatest" name="scalatest_2.10" conf="default, compile, runtime, master" rev="2.10.1" rev-constraint-default="2.10.1" rev-constraint-dynamic="2.10.0" callerrev="1.9.1"/>
				<artifacts>
				</artifacts>
			</revision>
		</module>
	</dependencies>
</ivy-report>
